[main 01a2761] auto
 2 files changed, 3 insertions(+)
 create mode 100644 crontab.log
 create mode 100644 run.sh
remote: This repository moved. Please use the new location:        
remote:   https://github.com/pandalabme/d2l.git        
To https://github.com/pandalabme/d2l_solutions.git
   9947185..01a2761  main -> main
[main 7f28f12] auto
 1 file changed, 8 insertions(+)
fatal: The current branch main has no upstream branch.
To push the current branch and set the remote as upstream, use

    git push --set-upstream origin main

[main fb63253] auto
 1 file changed, 7 insertions(+)
To https://github.com/pandalabme/d2l.git
   7f28f12..fb63253  main -> main
[main cace056] auto
 1 file changed, 4 insertions(+)
To https://github.com/pandalabme/d2l.git
   fb63253..cace056  main -> main
fatal: detected dubious ownership in repository at '/home/ubuntu/develop/jupyter/d2l_solutions/notebooks'
To add an exception for this directory, call:

	git config --global --add safe.directory /home/ubuntu/develop/jupyter/d2l_solutions/notebooks
fatal: detected dubious ownership in repository at '/home/ubuntu/develop/jupyter/d2l_solutions/notebooks'
To add an exception for this directory, call:

	git config --global --add safe.directory /home/ubuntu/develop/jupyter/d2l_solutions/notebooks
fatal: detected dubious ownership in repository at '/home/ubuntu/develop/jupyter/d2l_solutions/notebooks'
To add an exception for this directory, call:

	git config --global --add safe.directory /home/ubuntu/develop/jupyter/d2l_solutions/notebooks
[main 2adaf0f] auto
 3 files changed, 18 insertions(+), 2 deletions(-)
To https://github.com/pandalabme/d2l.git
   cace056..2adaf0f  main -> main
[main f9385ca] auto
 1 file changed, 4 insertions(+)
To https://github.com/pandalabme/d2l.git
   2adaf0f..f9385ca  main -> main
[main 11dc100] auto
 1 file changed, 4 insertions(+)
To https://github.com/pandalabme/d2l.git
   f9385ca..11dc100  main -> main
[main b5196d3] auto
 3 files changed, 98 insertions(+)
 create mode 100644 exercises/.ipynb_checkpoints/todo-checkpoint.ipynb
 create mode 100644 exercises/todo.ipynb
To https://github.com/pandalabme/d2l.git
   11dc100..b5196d3  main -> main
[main e7f0357] auto
 3 files changed, 488 insertions(+), 452 deletions(-)
 rewrite exercises/ch4/.ipynb_checkpoints/4_1_5_Exercises-checkpoint.ipynb (86%)
 rewrite exercises/ch4/4_1_5_Exercises.ipynb (86%)
To https://github.com/pandalabme/d2l.git
   b5196d3..e7f0357  main -> main
[main de164a9] auto
 2 files changed, 53 insertions(+), 5 deletions(-)
To https://github.com/pandalabme/d2l.git
   e7f0357..de164a9  main -> main
[main 50f9f54] auto
 1 file changed, 4 insertions(+)
To https://github.com/pandalabme/d2l.git
   de164a9..50f9f54  main -> main
[main 7fa3698] auto
 1 file changed, 4 insertions(+)
To https://github.com/pandalabme/d2l.git
   50f9f54..7fa3698  main -> main
[main f576569] auto
 1 file changed, 4 insertions(+)
To https://github.com/pandalabme/d2l.git
   7fa3698..f576569  main -> main
[main 13436c2] auto
 1 file changed, 4 insertions(+)
To https://github.com/pandalabme/d2l.git
   f576569..13436c2  main -> main
[main 2018ca6] auto
 1 file changed, 4 insertions(+)
To https://github.com/pandalabme/d2l.git
   13436c2..2018ca6  main -> main
[main f92b0f9] auto
 1 file changed, 4 insertions(+)
To https://github.com/pandalabme/d2l.git
   2018ca6..f92b0f9  main -> main
[main 8b7c119] auto
 1 file changed, 4 insertions(+)
To https://github.com/pandalabme/d2l.git
   f92b0f9..8b7c119  main -> main
[main fb01700] auto
 1 file changed, 4 insertions(+)
To https://github.com/pandalabme/d2l.git
   8b7c119..fb01700  main -> main
[main 18abb2c] auto
 1 file changed, 4 insertions(+)
To https://github.com/pandalabme/d2l.git
   fb01700..18abb2c  main -> main
[main 630ce48] auto
 1 file changed, 4 insertions(+)
To https://github.com/pandalabme/d2l.git
   18abb2c..630ce48  main -> main
[main 6ddaab8] auto
 2 files changed, 34 insertions(+), 54 deletions(-)
To https://github.com/pandalabme/d2l.git
   630ce48..6ddaab8  main -> main
[main ce13ecc] auto
 2 files changed, 9 insertions(+), 6 deletions(-)
To https://github.com/pandalabme/d2l.git
   6ddaab8..ce13ecc  main -> main
[main 7b3ce19] auto
 1 file changed, 4 insertions(+)
To https://github.com/pandalabme/d2l.git
   ce13ecc..7b3ce19  main -> main
[main a732b64] auto
 1 file changed, 4 insertions(+)
To https://github.com/pandalabme/d2l.git
   7b3ce19..a732b64  main -> main
[main 90807ca] auto
 2 files changed, 25 insertions(+), 9 deletions(-)
To https://github.com/pandalabme/d2l.git
   a732b64..90807ca  main -> main
[main 47c8257] auto
 2 files changed, 63 insertions(+), 53 deletions(-)
To https://github.com/pandalabme/d2l.git
   90807ca..47c8257  main -> main
[main 86e33a4] auto
 2 files changed, 125 insertions(+), 21 deletions(-)
To https://github.com/pandalabme/d2l.git
   47c8257..86e33a4  main -> main
[main b9d8ad7] auto
 3 files changed, 484 insertions(+), 77 deletions(-)
To https://github.com/pandalabme/d2l.git
   86e33a4..b9d8ad7  main -> main
[main 38edce7] auto
 2 files changed, 27 insertions(+), 24 deletions(-)
To https://github.com/pandalabme/d2l.git
   b9d8ad7..38edce7  main -> main
[main e8dad4d] auto
 1 file changed, 4 insertions(+)
To https://github.com/pandalabme/d2l.git
   38edce7..e8dad4d  main -> main
[main ed712bb] auto
 14 files changed, 286 insertions(+), 2 deletions(-)
 create mode 100644 exercises/ch4/.ipynb_checkpoints/4_2_5-checkpoint.ipynb
 create mode 100644 exercises/ch4/4_2_5.ipynb
 create mode 100644 exercises/data/FashionMNIST/raw/t10k-images-idx3-ubyte
 create mode 100644 exercises/data/FashionMNIST/raw/t10k-images-idx3-ubyte.gz
 create mode 100644 exercises/data/FashionMNIST/raw/t10k-labels-idx1-ubyte
 create mode 100644 exercises/data/FashionMNIST/raw/t10k-labels-idx1-ubyte.gz
 create mode 100644 exercises/data/FashionMNIST/raw/train-images-idx3-ubyte
 create mode 100644 exercises/data/FashionMNIST/raw/train-images-idx3-ubyte.gz
 create mode 100644 exercises/data/FashionMNIST/raw/train-labels-idx1-ubyte
 create mode 100644 exercises/data/FashionMNIST/raw/train-labels-idx1-ubyte.gz
To https://github.com/pandalabme/d2l.git
   e8dad4d..ed712bb  main -> main
[main dbf022a] auto
 7 files changed, 1718 insertions(+), 274 deletions(-)
 create mode 100644 exercises/ch4/.ipynb_checkpoints/4_2_5_Exercises-checkpoint.ipynb
 rename exercises/ch4/.ipynb_checkpoints/{4_2_5-checkpoint.ipynb => 4_3_4_Exercises-checkpoint.ipynb} (100%)
 delete mode 100644 exercises/ch4/4_2_5.ipynb
 create mode 100644 exercises/ch4/4_2_5_Exercises.ipynb
 create mode 100644 exercises/ch4/4_3_4_Exercises.ipynb
To https://github.com/pandalabme/d2l.git
   ed712bb..dbf022a  main -> main
[main 382a800] auto
 8 files changed, 253 insertions(+), 28 deletions(-)
 create mode 100644 exercises/ch4/.ipynb_checkpoints/4_4_7_Exercises-checkpoint.ipynb
 create mode 100644 exercises/ch4/4_4_7_Exercises.ipynb
To https://github.com/pandalabme/d2l.git
   dbf022a..382a800  main -> main
[main a0af12f] auto
 5 files changed, 4704 insertions(+), 15 deletions(-)
 rewrite exercises/d2l_utils/__pycache__/d2l.cpython-311.pyc (61%)
To https://github.com/pandalabme/d2l.git
   382a800..a0af12f  main -> main
[main 7e1d21c] auto
 1 file changed, 5 insertions(+)
To https://github.com/pandalabme/d2l.git
   a0af12f..7e1d21c  main -> main
[main bbe03cb] auto
 1 file changed, 4 insertions(+)
To https://github.com/pandalabme/d2l.git
   7e1d21c..bbe03cb  main -> main
[main d120d91] auto
 1 file changed, 4 insertions(+)
To https://github.com/pandalabme/d2l.git
   bbe03cb..d120d91  main -> main
